<?xml version="1.0" encoding="UTF-8"?>
<testsuite xmlns:xsi="http://www.w3.org/2001/XMLSchema-instance" xsi:noNamespaceSchemaLocation="https://maven.apache.org/surefire/maven-surefire-plugin/xsd/surefire-test-report-3.0.xsd" version="3.0" name="MyAppTest" time="0.071" tests="4" errors="0" skipped="0" failures="0">
  <properties>
[...]
</properties>
  <testcase name="FourthAppDumbTest" classname="MyAppTest" time="0.031"/>
  <testcase name="FirstAppDumbTest" classname="MyAppTest" time="0.001"/>
  <testcase name="SecondAppDumbTest" classname="MyAppTest" time="0.001"/>
  <testcase name="ThirdAppDumbTest" classname="MyAppTest" time="0.001"/>
</testsuite>