<?xml version="1.0" encoding="UTF-8"?>
<testsuite xmlns:xsi="http://www.w3.org/2001/XMLSchema-instance" xsi:noNamespaceSchemaLocation="https://maven.apache.org/surefire/maven-surefire-plugin/xsd/surefire-test-report-3.0.xsd" version="3.0" name="Playwright_tc2" time="9.581" tests="1" errors="0" skipped="0" failures="1">
  <properties>
[...]
</properties>
  <testcase name="runthistest" classname="Playwright_tc2" time="9.579">
    <failure type="org.opentest4j.AssertionFailedError"><![CDATA[org.opentest4j.AssertionFailedError: 
Page title expected to be: Installation | Playwright_tc1
Received: Installation | Playwright

Call log:
Locator.expect with timeout 5000ms
waiting for locator(":root")
  locator resolved to <html lang="en" dir="ltr" data-theme="light" data-has-…>…</html>
  unexpected value "Fast and reliable end-to-end testing for modern web apps | Playwright"
  locator resolved to <html lang="en" dir="ltr" data-theme="light" data-has-…>…</html>
  unexpected value "Fast and reliable end-to-end testing for modern web apps | Playwright"
  locator resolved to <html lang="en" dir="ltr" data-theme="light" data-has-…>…</html>
  unexpected value "Installation | Playwright"
  locator resolved to <html lang="en" dir="ltr" data-theme="light" data-has-…>…</html>
  unexpected value "Installation | Playwright"
  locator resolved to <html lang="en" dir="ltr" data-theme="light" data-has-…>…</html>
  unexpected value "Installation | Playwright"
  locator resolved to <html lang="en" dir="ltr" data-theme="light" data-has-…>…</html>
  unexpected value "Installation | Playwright"
  locator resolved to <html lang="en" dir="ltr" data-theme="light" data-has-…>…</html>
  unexpected value "Installation | Playwright"
  locator resolved to <html lang="en" dir="ltr" data-theme="light" data-has-…>…</html>
  unexpected value "Installation | Playwright"
	at Playwright_tc2.runthistest(Playwright_tc2.java:35)
]]></failure>
    <system-out><![CDATA[===
Rule{id='empty-heading', description='Ensures headings have discernible text', help='Headings should not be empty', helpUrl='https://dequeuniversity.com/rules/axe/4.9/empty-heading?application=PlaywrightJava', impact='minor', tags=[cat.name-role-value, best-practice], nodes=[CheckedNode{target='[.col--6.col:nth-child(2) > h3]', html='<h3></h3>', impact='minor', failureSummary='Fix any of the following:
  Element does not have text that is visible to screen readers
  aria-label attribute does not exist or is empty
  aria-labelledby attribute does not exist, references elements that do not exist or references elements that are empty
  Element has no title attribute', any='[CheckedNode{id='has-visible-text', impact='minor', message='Element does not have text that is visible to screen readers', data='null', relatedNodes='[]'}, CheckedNode{id='aria-label', impact='minor', message='aria-label attribute does not exist or is empty', data='null', relatedNodes='[]'}, CheckedNode{id='aria-labelledby', impact='minor', message='aria-labelledby attribute does not exist, references elements that do not exist or references elements that are empty', data='null', relatedNodes='[]'}, CheckedNode{id='non-empty-title', impact='minor', message='Element has no title attribute', data='{messageKey=noAttr}', relatedNodes='[]'}]', all='[]', none='[]'}, CheckedNode{target='[.col--6.col:nth-child(3) > h3]', html='<h3></h3>', impact='minor', failureSummary='Fix any of the following:
  Element does not have text that is visible to screen readers
  aria-label attribute does not exist or is empty
  aria-labelledby attribute does not exist, references elements that do not exist or references elements that are empty
  Element has no title attribute', any='[CheckedNode{id='has-visible-text', impact='minor', message='Element does not have text that is visible to screen readers', data='null', relatedNodes='[]'}, CheckedNode{id='aria-label', impact='minor', message='aria-label attribute does not exist or is empty', data='null', relatedNodes='[]'}, CheckedNode{id='aria-labelledby', impact='minor', message='aria-labelledby attribute does not exist, references elements that do not exist or references elements that are empty', data='null', relatedNodes='[]'}, CheckedNode{id='non-empty-title', impact='minor', message='Element has no title attribute', data='{messageKey=noAttr}', relatedNodes='[]'}]', all='[]', none='[]'}, CheckedNode{target='[.col--6.col:nth-child(6) > h3]', html='<h3></h3>', impact='minor', failureSummary='Fix any of the following:
  Element does not have text that is visible to screen readers
  aria-label attribute does not exist or is empty
  aria-labelledby attribute does not exist, references elements that do not exist or references elements that are empty
  Element has no title attribute', any='[CheckedNode{id='has-visible-text', impact='minor', message='Element does not have text that is visible to screen readers', data='null', relatedNodes='[]'}, CheckedNode{id='aria-label', impact='minor', message='aria-label attribute does not exist or is empty', data='null', relatedNodes='[]'}, CheckedNode{id='aria-labelledby', impact='minor', message='aria-labelledby attribute does not exist, references elements that do not exist or references elements that are empty', data='null', relatedNodes='[]'}, CheckedNode{id='non-empty-title', impact='minor', message='Element has no title attribute', data='{messageKey=noAttr}', relatedNodes='[]'}]', all='[]', none='[]'}, CheckedNode{target='[.col--6.col:nth-child(7) > h3]', html='<h3></h3>', impact='minor', failureSummary='Fix any of the following:
  Element does not have text that is visible to screen readers
  aria-label attribute does not exist or is empty
  aria-labelledby attribute does not exist, references elements that do not exist or references elements that are empty
  Element has no title attribute', any='[CheckedNode{id='has-visible-text', impact='minor', message='Element does not have text that is visible to screen readers', data='null', relatedNodes='[]'}, CheckedNode{id='aria-label', impact='minor', message='aria-label attribute does not exist or is empty', data='null', relatedNodes='[]'}, CheckedNode{id='aria-labelledby', impact='minor', message='aria-labelledby attribute does not exist, references elements that do not exist or references elements that are empty', data='null', relatedNodes='[]'}, CheckedNode{id='non-empty-title', impact='minor', message='Element has no title attribute', data='{messageKey=noAttr}', relatedNodes='[]'}]', all='[]', none='[]'}], url='null', createdDate='null'}
===
Rule{id='heading-order', description='Ensures the order of headings is semantically correct', help='Heading levels should only increase by one', helpUrl='https://dequeuniversity.com/rules/axe/4.9/heading-order?application=PlaywrightJava', impact='moderate', tags=[cat.semantics, best-practice], nodes=[CheckedNode{target='[.col--6.col:nth-child(1) > h3]', html='<h3>Any browser • Any platform • One API</h3>', impact='moderate', failureSummary='Fix any of the following:
  Heading order invalid', any='[CheckedNode{id='heading-order', impact='moderate', message='Heading order invalid', data='null', relatedNodes='[]'}]', all='[]', none='[]'}], url='null', createdDate='null'}
Fast and reliable end-to-end testing for modern web apps | Playwright
]]></system-out>
  </testcase>
</testsuite>